<?xml version="1.0" encoding="UTF-8"?>
<testsuite xmlns:xsi="http://www.w3.org/2001/XMLSchema-instance" xsi:noNamespaceSchemaLocation="https://maven.apache.org/surefire/maven-surefire-plugin/xsd/surefire-test-report-3.0.xsd" version="3.0" name="TestSuite" time="14.93" tests="2" errors="0" skipped="0" failures="1">
  <properties>
[...]
</properties>
  <testcase name="tryToLogInWithWrongUsernameAndPassword" classname="testowanieObiektowe.tests.FailedLoginTest" time="0.669">
    <system-out><![CDATA[[INFO ] 2023-06-14 19:47:19.861 [TestNG-tests-1] testowanieObiektowe.configuration.PropertiesLoader - Trying to load properties with file name: configuration.properties
[INFO ] 2023-06-14 19:47:19.861 [TestNG-tests-2] testowanieObiektowe.configuration.PropertiesLoader - Trying to load properties with file name: configuration.properties
[INFO ] 2023-06-14 19:47:19.865 [TestNG-tests-2] testowanieObiektowe.configuration.PropertiesLoader - Successfully loaded properties for file: configuration.properties
[INFO ] 2023-06-14 19:47:19.865 [TestNG-tests-1] testowanieObiektowe.configuration.PropertiesLoader - Successfully loaded properties for file: configuration.properties
[INFO ] 2023-06-14 19:47:22.352 [TestNG-tests-1] testowanieObiektowe.utils.TestListener - Start test: tryToLogInWithWrongUsernameAndPassword
[INFO ] 2023-06-14 19:47:22.352 [TestNG-tests-2] testowanieObiektowe.utils.TestListener - Start test: tryToLogInWithCorrectLoginAndPassword
Trying to find WebElement with locatorBy.name: username
Trying to find WebElement with locatorBy.name: username
Found WebElement with locatorBy.name: username
Found WebElement with locatorBy.name: username
Trying to clear WebElement
Trying to clear WebElement
Cleared WebElement [[ChromeDriver: chrome on windows (2e1290c45febfd656fabc77add2e4145)] -> name: username]
Trying to find WebElement with locatorBy.name: username
Cleared WebElement [[ChromeDriver: chrome on windows (ca76e6e2e29010a0cb6f47ea386f1316)] -> name: username]
Trying to find WebElement with locatorBy.name: username
Found WebElement with locatorBy.name: username
Trying to type text [wrong username]
Found WebElement with locatorBy.name: username
Trying to type text [j2eee]
[INFO ] 2023-06-14 19:47:22.646 [TestNG-tests-1] testowanieObiektowe.page.objects.LoginPage - Typed into username field wrong username
Trying to find WebElement with locatorBy.name: password
[INFO ] 2023-06-14 19:47:22.653 [TestNG-tests-2] testowanieObiektowe.page.objects.LoginPage - Typed into username field j2eee
Trying to find WebElement with locatorBy.name: password
Found WebElement with locatorBy.name: password
Trying to clear WebElement
Found WebElement with locatorBy.name: password
Trying to clear WebElement
Cleared WebElement [[ChromeDriver: chrome on windows (2e1290c45febfd656fabc77add2e4145)] -> name: password]
Trying to find WebElement with locatorBy.name: password
Cleared WebElement [[ChromeDriver: chrome on windows (ca76e6e2e29010a0cb6f47ea386f1316)] -> name: password]
Trying to find WebElement with locatorBy.name: password
Found WebElement with locatorBy.name: password
Trying to type text [wrong password]
Found WebElement with locatorBy.name: password
Trying to type text [j2ee]
[INFO ] 2023-06-14 19:47:22.724 [TestNG-tests-1] testowanieObiektowe.page.objects.LoginPage - Typed info password fieldwrong password
[INFO ] 2023-06-14 19:47:22.731 [TestNG-tests-2] testowanieObiektowe.page.objects.LoginPage - Typed info password fieldj2ee
Trying to find WebElement with locatorBy.name: signon
Trying to find WebElement with locatorBy.name: signon
Found WebElement with locatorBy.name: signon
Found WebElement with locatorBy.name: signon
Trying to find WebElement with locatorBy.name: signon
Trying to find WebElement with locatorBy.name: signon
Found WebElement with locatorBy.name: signon
Found WebElement with locatorBy.name: signon
Trying to find WebElement with locatorBy.name: signon
Trying to find WebElement with locatorBy.name: signon
Found WebElement with locatorBy.name: signon
Found WebElement with locatorBy.name: signon
Trying to click WebElement
Trying to click WebElement
Clicked WebElement
[INFO ] 2023-06-14 19:47:22.889 [TestNG-tests-1] testowanieObiektowe.page.objects.LoginPage - Clicked at login link
[INFO ] 2023-06-14 19:47:22.890 [TestNG-tests-1] testowanieObiektowe.page.objects.LoginPage - Checking if warning message Invalid username or password. Signon failed. is displayed
Trying to find WebElement with locatorBy.cssSelector: #Content [class='messages']
Found WebElement with locatorBy.cssSelector: #Content [class='messages']
Clicked WebElement
[INFO ] 2023-06-14 19:47:22.922 [TestNG-tests-2] testowanieObiektowe.page.objects.LoginPage - Clicked at login link
[INFO ] 2023-06-14 19:47:22.922 [TestNG-tests-2] testowanieObiektowe.page.objects.FooterPage - checking if dog banner is displayed
Trying to find WebElement with locatorBy.cssSelector: #Banner img
[INFO ] 2023-06-14 19:47:22.962 [TestNG-tests-1] testowanieObiektowe.generic.assertions.AssertWebElement - check if element is displayed
Trying to find WebElement with locatorBy.cssSelector: #Content [class='messages']
Found WebElement with locatorBy.cssSelector: #Content [class='messages']
[INFO ] 2023-06-14 19:47:22.980 [TestNG-tests-1] testowanieObiektowe.generic.assertions.AssertWebElement - WebElement was not displayed
[INFO ] 2023-06-14 19:47:22.981 [TestNG-tests-1] testowanieObiektowe.generic.assertions.AssertWebElement - check if element has text: Invalid username or password. Signon failed.
Trying to find WebElement with locatorBy.cssSelector: #Content [class='messages']
Found WebElement with locatorBy.cssSelector: #Content [class='messages']
[INFO ] 2023-06-14 19:47:23.001 [TestNG-tests-1] testowanieObiektowe.generic.assertions.AssertWebElement - WebElement expected text!
[INFO ] 2023-06-14 19:47:23.003 [TestNG-tests-1] testowanieObiektowe.utils.TestListener - Test tryToLogInWithWrongUsernameAndPassword passed successfully
]]></system-out>
    <system-err><![CDATA[Starting ChromeDriver 113.0.5672.63 (0e1a4471d5ae5bf128b1bd8f4d627c8cbd55f70c-refs/branch-heads/5672@{#912}) on port 47021
Only local connections are allowed.
Please see htStarttipnsg:/ Ch/crhormoemDerdirvievre r1.c1h3r.om0i.u5m6.7o2r.g/6s3e c(u0rei1tya4-4c7on1sdi5daeer5atbifo1n2s 8fbo1rb ds8ufg4geds6t2i7ocns8 cobn dk5e5efpi7n0gc -Crhreofsm/ebDrriavnecrh s-ahfeea.d
s/5672@{#912}) on port 2895
Only local connections are allowed.
Please see https://chromedriver.chromium.org/security-considerations for suggestions on keeping ChromeDriver safe.
ChromeDriver was started successfully.
ChromeDriver was started successfully.
[1686764841.364][WARNING]: This version of ChromeDriver has not been tested with Chrome version 114.
[1686764841.396][WARNING]: This version of ChromeDriver has not been tested with Chrome version 114.
cze 14, 2023 7:47:21 PM org.openqa.selenium.devtools.CdpVersionFinder findNearestMatch
WARNING: Unable to find an exact match for CDP version 114, so returning the closest version found: 113
cze 14, 2023 7:47:21 PM org.openqa.selenium.devtools.CdpVersionFinder findNearestMatch
WARNING: Unable to find an exact match for CDP version 114, so returning the closest version found: 113
]]></system-err>
  </testcase>
  <testcase name="tryToLogInWithCorrectLoginAndPassword" classname="testowanieObiektowe.tests.PositiveLoginTest" time="10.995">
    <failure message="Expected condition failed: waiting for visibility of Proxy element for: DefaultElementLocator &apos;By.cssSelector: #Banner img&apos; (tried for 10 second(s) with 500 milliseconds interval)" type="org.openqa.selenium.TimeoutException"><![CDATA[org.openqa.selenium.TimeoutException: Expected condition failed: waiting for visibility of Proxy element for: DefaultElementLocator 'By.cssSelector: #Banner img' (tried for 10 second(s) with 500 milliseconds interval)
	at testowanieObiektowe.tests.PositiveLoginTest.tryToLogInWithCorrectLoginAndPassword(PositiveLoginTest.java:27)
Caused by: org.openqa.selenium.NoSuchElementException: 
no such element: Unable to locate element: {"method":"css selector","selector":"#Banner img"}
  (Session info: chrome=114.0.5735.133)
For documentation on this error, please visit: https://selenium.dev/exceptions/#no_such_element
Build info: version: '4.9.1', revision: 'eb2032df7f'
System info: os.name: 'Windows 10', os.arch: 'amd64', os.version: '10.0', java.version: '19.0.1'
Driver info: org.openqa.selenium.chrome.ChromeDriver
Command: [ca76e6e2e29010a0cb6f47ea386f1316, findElement {using=css selector, value=#Banner img}]
Capabilities {acceptInsecureCerts: false, browserName: chrome, browserVersion: 114.0.5735.133, chrome: {chromedriverVersion: 113.0.5672.63 (0e1a4471d5ae..., userDataDir: C:\Users\Patrol\AppData\Loc...}, goog:chromeOptions: {debuggerAddress: localhost:58035}, networkConnectionEnabled: false, pageLoadStrategy: normal, platformName: windows, proxy: Proxy(), se:cdp: ws://localhost:58035/devtoo..., se:cdpVersion: 114.0.5735.133, setWindowRect: true, strictFileInteractability: false, timeouts: {implicit: 0, pageLoad: 300000, script: 30000}, unhandledPromptBehavior: dismiss and notify, webauthn:extension:credBlob: true, webauthn:extension:largeBlob: true, webauthn:extension:minPinLength: true, webauthn:extension:prf: true, webauthn:virtualAuthenticators: true}
Session ID: ca76e6e2e29010a0cb6f47ea386f1316
	at testowanieObiektowe.tests.PositiveLoginTest.tryToLogInWithCorrectLoginAndPassword(PositiveLoginTest.java:27)
]]></failure>
    <system-out><![CDATA[Trying to find WebElement with locatorBy.cssSelector: #Banner img
Trying to find WebElement with locatorBy.cssSelector: #Banner img
Trying to find WebElement with locatorBy.cssSelector: #Banner img
Trying to find WebElement with locatorBy.cssSelector: #Banner img
Trying to find WebElement with locatorBy.cssSelector: #Banner img
Trying to find WebElement with locatorBy.cssSelector: #Banner img
Trying to find WebElement with locatorBy.cssSelector: #Banner img
Trying to find WebElement with locatorBy.cssSelector: #Banner img
Trying to find WebElement with locatorBy.cssSelector: #Banner img
Trying to find WebElement with locatorBy.cssSelector: #Banner img
Trying to find WebElement with locatorBy.cssSelector: #Banner img
Trying to find WebElement with locatorBy.cssSelector: #Banner img
Trying to find WebElement with locatorBy.cssSelector: #Banner img
Trying to find WebElement with locatorBy.cssSelector: #Banner img
Trying to find WebElement with locatorBy.cssSelector: #Banner img
Trying to find WebElement with locatorBy.cssSelector: #Banner img
Trying to find WebElement with locatorBy.cssSelector: #Banner img
Trying to find WebElement with locatorBy.cssSelector: #Banner img
Trying to find WebElement with locatorBy.cssSelector: #Banner img
Trying to find WebElement with locatorBy.cssSelector: #Banner img
Trying to find WebElement with locatorBy.cssSelector: #Banner img
[INFO ] 2023-06-14 19:47:33.174 [TestNG-tests-2] testowanieObiektowe.utils.TestListener - Test tryToLogInWithCorrectLoginAndPassword failed
]]></system-out>
    <system-err><![CDATA[[AsyncHttpClient-1-7] WARN org.asynchttpclient.netty.handler.WebSocketHandler - onError
java.net.SocketException: Connection reset
	at java.base/sun.nio.ch.SocketChannelImpl.throwConnectionReset(SocketChannelImpl.java:401)
	at java.base/sun.nio.ch.SocketChannelImpl.read(SocketChannelImpl.java:434)
	at io.netty.buffer.PooledByteBuf.setBytes(PooledByteBuf.java:256)
	at io.netty.buffer.AbstractByteBuf.writeBytes(AbstractByteBuf.java:1132)
	at io.netty.channel.socket.nio.NioSocketChannel.doReadBytes(NioSocketChannel.java:357)
	at io.netty.channel.nio.AbstractNioByteChannel$NioByteUnsafe.read(AbstractNioByteChannel.java:151)
	at io.netty.channel.nio.NioEventLoop.processSelectedKey(NioEventLoop.java:788)
	at io.netty.channel.nio.NioEventLoop.processSelectedKeysOptimized(NioEventLoop.java:724)
	at io.netty.channel.nio.NioEventLoop.processSelectedKeys(NioEventLoop.java:650)
	at io.netty.channel.nio.NioEventLoop.run(NioEventLoop.java:562)
	at io.netty.util.concurrent.SingleThreadEventExecutor$4.run(SingleThreadEventExecutor.java:997)
	at io.netty.util.internal.ThreadExecutorMap$2.run(ThreadExecutorMap.java:74)
	at io.netty.util.concurrent.FastThreadLocalRunnable.run(FastThreadLocalRunnable.java:30)
	at java.base/java.lang.Thread.run(Thread.java:1589)
cze 14, 2023 7:47:23 PM org.openqa.selenium.remote.http.WebSocket$Listener onError
WARNING: Connection reset
java.net.SocketException: Connection reset
	at java.base/sun.nio.ch.SocketChannelImpl.throwConnectionReset(SocketChannelImpl.java:401)
	at java.base/sun.nio.ch.SocketChannelImpl.read(SocketChannelImpl.java:434)
	at io.netty.buffer.PooledByteBuf.setBytes(PooledByteBuf.java:256)
	at io.netty.buffer.AbstractByteBuf.writeBytes(AbstractByteBuf.java:1132)
	at io.netty.channel.socket.nio.NioSocketChannel.doReadBytes(NioSocketChannel.java:357)
	at io.netty.channel.nio.AbstractNioByteChannel$NioByteUnsafe.read(AbstractNioByteChannel.java:151)
	at io.netty.channel.nio.NioEventLoop.processSelectedKey(NioEventLoop.java:788)
	at io.netty.channel.nio.NioEventLoop.processSelectedKeysOptimized(NioEventLoop.java:724)
	at io.netty.channel.nio.NioEventLoop.processSelectedKeys(NioEventLoop.java:650)
	at io.netty.channel.nio.NioEventLoop.run(NioEventLoop.java:562)
	at io.netty.util.concurrent.SingleThreadEventExecutor$4.run(SingleThreadEventExecutor.java:997)
	at io.netty.util.internal.ThreadExecutorMap$2.run(ThreadExecutorMap.java:74)
	at io.netty.util.concurrent.FastThreadLocalRunnable.run(FastThreadLocalRunnable.java:30)
	at java.base/java.lang.Thread.run(Thread.java:1589)

]]></system-err>
  </testcase>
</testsuite>